<?xml version="1.0" encoding="UTF-8"?>
<!-- Generated by org.testng.reporters.JUnitXMLReporter -->
<testsuite ignored="0" hostname="Rohitt-Reddy1" failures="0" tests="2" name="ErrorValidationTest" time="14.368" errors="0" timestamp="2024-03-16T11:31:50 IST">
  <testcase classname="EndToEndApp.practice.ErrorValidation" name="loginpageErrorValidation" time="0.508"/>
  <testcase classname="EndToEndApp.practice.ErrorValidation" name="productPageErrorValidation" time="2.337"/>
</testsuite> <!-- ErrorValidationTest -->
