<?xml version="1.0" encoding="UTF-8"?>
<!-- Generated by org.testng.reporters.JUnitXMLReporter -->
<testsuite ignored="0" hostname="Rohitt-Reddy1" failures="0" tests="4" name="PlaceOrderTest" time="61.195" errors="0" timestamp="2024-03-16T11:31:36 IST">
  <testcase classname="EndToEndApp.practice.Tests" name="placeOrder" time="14.978"/>
  <testcase classname="EndToEndApp.practice.Tests" name="placeOrder" time="13.644"/>
  <testcase classname="EndToEndApp.practice.Tests" name="orderHistory" time="0.982"/>
  <testcase classname="EndToEndApp.practice.Tests" name="orderHistory" time="1.065"/>
</testsuite> <!-- PlaceOrderTest -->
