<?xml version="1.0" encoding="UTF-8"?>
<!-- Generated by org.testng.reporters.JUnitXMLReporter -->
<testsuite ignored="1" hostname="Rohitt-Reddy1" failures="0" tests="2" name="PlaceOrderTest" time="53.336" errors="0" timestamp="2024-03-15T01:21:12 IST">
  <testcase classname="EndToEndApp.practice.Tests" name="placeOrder" time="17.152"/>
  <testcase classname="EndToEndApp.practice.Tests" name="placeOrder" time="14.023"/>
  <testcase classname="EndToEndApp.practice.Tests" name="orderHistory" time="0.0">
    <ignored/>
  </testcase> <!-- orderHistory -->
</testsuite> <!-- PlaceOrderTest -->
