<?xml version="1.0" encoding="UTF-8"?>
<!-- Generated by org.testng.reporters.JUnitXMLReporter -->
<testsuite ignored="1" hostname="Rohitt-Reddy1" failures="1" tests="2" name="ErrorValidationTest" time="24.61" errors="0" timestamp="2024-03-15T06:27:33 IST">
  <testcase classname="EndToEndApp.practice.ErrorValidation" name="loginpageErrorValidation" time="0.797">
    <skipped/>
  </testcase> <!-- loginpageErrorValidation -->
  <testcase classname="EndToEndApp.practice.ErrorValidation" name="loginpageErrorValidation" time="0.678">
    <failure type="java.lang.AssertionError" message="expected [Incorrect email or password.] but found [Incorrect email password.]">
      <![CDATA[java.lang.AssertionError: expected [Incorrect email or password.] but found [Incorrect email password.]
at EndToEndApp.practice.ErrorValidation.loginpageErrorValidation(ErrorValidation.java:31)
at java.base/java.util.ArrayList.forEach(ArrayList.java:1511)
at java.base/java.util.concurrent.FutureTask.run(FutureTask.java:264)
at java.base/java.util.concurrent.ThreadPoolExecutor.runWorker(ThreadPoolExecutor.java:1136)
at java.base/java.util.concurrent.ThreadPoolExecutor$Worker.run(ThreadPoolExecutor.java:635)
at java.base/java.lang.Thread.run(Thread.java:833)
... Removed 23 stack frames]]>
    </failure>
  </testcase> <!-- loginpageErrorValidation -->
  <testcase classname="EndToEndApp.practice.ErrorValidation" name="productPageErrorValidation" time="0.0">
    <ignored/>
  </testcase> <!-- productPageErrorValidation -->
</testsuite> <!-- ErrorValidationTest -->
