<?xml version="1.0" encoding="UTF-8"?>
<!-- Generated by org.testng.reporters.JUnitXMLReporter -->
<testsuite ignored="0" hostname="Rohitt-Reddy1" failures="1" tests="3" name="ErrorValidationTest" time="23.802" errors="0" timestamp="2024-03-15T05:09:25 IST">
  <testcase classname="EndToEndApp.practice.ErrorValidation" name="loginpageErrorValidation" time="0.613">
    <skipped/>
  </testcase> <!-- loginpageErrorValidation -->
  <testcase classname="EndToEndApp.practice.ErrorValidation" name="loginpageErrorValidation" time="0.612">
    <failure type="java.lang.AssertionError" message="expected [Incorrect email or password.] but found [Incorrect email password.]">
      <![CDATA[java.lang.AssertionError: expected [Incorrect email or password.] but found [Incorrect email password.]
at EndToEndApp.practice.ErrorValidation.loginpageErrorValidation(ErrorValidation.java:31)
at java.base/java.util.ArrayList.forEach(ArrayList.java:1511)
... Removed 33 stack frames]]>
    </failure>
  </testcase> <!-- loginpageErrorValidation -->
  <testcase classname="EndToEndApp.practice.ErrorValidation" name="productPageErrorValidation" time="2.361"/>
</testsuite> <!-- ErrorValidationTest -->
