<?xml version="1.0" encoding="UTF-8"?>
<!-- Generated by org.testng.reporters.JUnitXMLReporter -->
<testsuite ignored="2" hostname="Rohitt-Reddy1" failures="0" tests="0" time="0.0" errors="0" timestamp="2024-03-15T23:12:45 IST">
  <testcase classname="EndToEndApp.practice.ErrorValidation" name="loginpageErrorValidation" time="0.0">
    <ignored/>
  </testcase> <!-- loginpageErrorValidation -->
  <testcase classname="EndToEndApp.practice.ErrorValidation" name="productPageErrorValidation" time="0.0">
    <ignored/>
  </testcase> <!-- productPageErrorValidation -->
</testsuite>
