<?xml version="1.0" encoding="UTF-8"?>
<!-- Generated by org.testng.reporters.JUnitXMLReporter -->
<testsuite ignored="1" hostname="Rohitt-Reddy1" failures="0" tests="2" name="PlaceOrderTest" time="71.31" errors="0" timestamp="2024-03-15T23:12:44 IST">
  <testcase classname="EndToEndApp.practice.Tests" name="placeOrder" time="16.53"/>
  <testcase classname="EndToEndApp.practice.Tests" name="placeOrder" time="15.149"/>
  <testcase classname="EndToEndApp.practice.Tests" name="orderHistory" time="0.0">
    <ignored/>
  </testcase> <!-- orderHistory -->
</testsuite> <!-- PlaceOrderTest -->
